\BOOKMARK [1][-]{section.1}{Introduction}{}
\BOOKMARK [1][-]{section.2}{Testing Random Numbers}{}
\BOOKMARK [1][-]{section.3}{Evaluating p-values}{}
\BOOKMARK [2][-]{subsection.3.1}{Xtest -- A Single Expected Value}{section.3}
\BOOKMARK [2][-]{subsection.3.2}{Vtest -- A Vector of Expected Values}{section.3}
\BOOKMARK [2][-]{subsection.3.3}{Kuiper Kolmogorov-Smirnov Test}{section.3}
\BOOKMARK [2][-]{subsection.3.4}{The Test Histogram}{section.3}
\BOOKMARK [1][-]{section.4}{Diehard}{}
\BOOKMARK [2][-]{subsection.4.1}{The Original Diehard}{section.4}
\BOOKMARK [2][-]{subsection.4.2}{The Dieharder Modifications}{section.4}
\BOOKMARK [1][-]{section.5}{Dieharder's Modular Test Structure}{}
\BOOKMARK [1][-]{section.6}{Dieharder Extensions}{}
\BOOKMARK [2][-]{subsection.6.1}{STS Tests}{section.6}
\BOOKMARK [2][-]{subsection.6.2}{New Tests}{section.6}
\BOOKMARK [2][-]{subsection.6.3}{Future \(Proposed or Planned\) Tests}{section.6}
\BOOKMARK [1][-]{section.7}{Results for Selected Generators}{}
\BOOKMARK [2][-]{subsection.7.1}{A Good Generator: mt19937\1371999}{section.7}
\BOOKMARK [3][-]{subsubsection.7.1.1}{Comments}{subsection.7.1}
\BOOKMARK [2][-]{subsection.7.2}{A Bad Generator: randu}{section.7}
\BOOKMARK [2][-]{subsection.7.3}{An Ugly Generator: slatec}{section.7}
\BOOKMARK [1][-]{section.8}{Conclusions}{}
